Using pre-set license
Built from '2020.3/staging' branch; Version is '2020.3.19f1 (68f137dc9bbe) revision 6877495'; Using compiler version '192528614'; Build Type 'Release'
OS: 'Windows 10 Pro; OS build 19043.1237; Version 2009; 64bit' Language: 'en' Physical Memory: 16335 MB
BatchMode: 1, IsHumanControllingUs: 0, StartBugReporterOnCrash: 0, Is64bit: 1, IsPro: 0

COMMAND LINE ARGUMENTS:
C:\Program Files\Unity\Hub\Editor\2020.3.19f1\Editor\Unity.exe
-adb2
-batchMode
-noUpm
-name
AssetImportWorker0
-projectPath
C:/Users/VRguy/Documents/GitHub/jmcdonough92/LD49-Prototype01-Reeeg-Dialogue-Fix
-logFile
Logs/AssetImportWorker0.log
-srvPort
51491
Successfully changed project path to: C:/Users/VRguy/Documents/GitHub/jmcdonough92/LD49-Prototype01-Reeeg-Dialogue-Fix
C:/Users/VRguy/Documents/GitHub/jmcdonough92/LD49-Prototype01-Reeeg-Dialogue-Fix
Using Asset Import Pipeline V2.
Refreshing native plugins compatible for Editor in 52.25 ms, found 3 plugins.
Preloading 0 native plugins for Editor in 0.00 ms.
Initialize engine version: 2020.3.19f1 (68f137dc9bbe)
[Subsystems] Discovering subsystems at path C:/Program Files/Unity/Hub/Editor/2020.3.19f1/Editor/Data/Resources/UnitySubsystems
[Subsystems] Discovering subsystems at path C:/Users/VRguy/Documents/GitHub/jmcdonough92/LD49-Prototype01-Reeeg-Dialogue-Fix/Assets
GfxDevice: creating device client; threaded=0
Direct3D:
    Version:  Direct3D 11.0 [level 11.1]
    Renderer: NVIDIA GeForce GTX 1080 (ID=0x1b80)
    Vendor:   
    VRAM:     8079 MB
    Driver:   27.21.14.5671
Initialize mono
Mono path[0] = 'C:/Program Files/Unity/Hub/Editor/2020.3.19f1/Editor/Data/Managed'
Mono path[1] = 'C:/Program Files/Unity/Hub/Editor/2020.3.19f1/Editor/Data/MonoBleedingEdge/lib/mono/unityjit'
Mono config path = 'C:/Program Files/Unity/Hub/Editor/2020.3.19f1/Editor/Data/MonoBleedingEdge/etc'
Using monoOptions --debugger-agent=transport=dt_socket,embedding=1,server=y,suspend=n,address=127.0.0.1:56608
Begin MonoManager ReloadAssembly
Registering precompiled unity dll's ...
Register platform support module: C:/Program Files/Unity/Hub/Editor/2020.3.19f1/Editor/Data/PlaybackEngines/WebGLSupport/UnityEditor.WebGL.Extensions.dll
Register platform support module: C:/Program Files/Unity/Hub/Editor/2020.3.19f1/Editor/Data/PlaybackEngines/WindowsStandaloneSupport/UnityEditor.WindowsStandalone.Extensions.dll
Registered in 0.002472 seconds.
Native extension for WindowsStandalone target not found
Native extension for WebGL target not found
Refreshing native plugins compatible for Editor in 47.05 ms, found 3 plugins.
Preloading 0 native plugins for Editor in 0.00 ms.
Mono: successfully reloaded assembly
- Completed reload, in  2.221 seconds
Domain Reload Profiling:
	ReloadAssembly (2221ms)
		BeginReloadAssembly (59ms)
			ExecutionOrderSort (0ms)
			DisableScriptedObjects (0ms)
			BackupInstance (0ms)
			ReleaseScriptingObjects (0ms)
			CreateAndSetChildDomain (1ms)
		EndReloadAssembly (460ms)
			LoadAssemblies (56ms)
			RebuildTransferFunctionScriptingTraits (0ms)
			SetupTypeCache (160ms)
			ReleaseScriptCaches (0ms)
			RebuildScriptCaches (32ms)
			SetupLoadedEditorAssemblies (190ms)
				LogAssemblyErrors (0ms)
				InitializePlatformSupportModulesInManaged (5ms)
				SetLoadedEditorAssemblies (0ms)
				RefreshPlugins (47ms)
				BeforeProcessingInitializeOnLoad (18ms)
				ProcessInitializeOnLoadAttributes (88ms)
				ProcessInitializeOnLoadMethodAttributes (30ms)
				AfterProcessingInitializeOnLoad (0ms)
				EditorAssembliesLoaded (0ms)
			ExecutionOrderSort2 (0ms)
			AwakeInstancesAfterBackupRestoration (0ms)
Platform modules already initialized, skipping
Registering precompiled user dll's ...
Registered in 0.009074 seconds.
Begin MonoManager ReloadAssembly
Native extension for WindowsStandalone target not found
Native extension for WebGL target not found
Refreshing native plugins compatible for Editor in 47.03 ms, found 3 plugins.
Preloading 0 native plugins for Editor in 0.00 ms.
Mono: successfully reloaded assembly
- Completed reload, in  1.247 seconds
Domain Reload Profiling:
	ReloadAssembly (1248ms)
		BeginReloadAssembly (158ms)
			ExecutionOrderSort (0ms)
			DisableScriptedObjects (5ms)
			BackupInstance (0ms)
			ReleaseScriptingObjects (0ms)
			CreateAndSetChildDomain (20ms)
		EndReloadAssembly (1013ms)
			LoadAssemblies (107ms)
			RebuildTransferFunctionScriptingTraits (0ms)
			SetupTypeCache (338ms)
			ReleaseScriptCaches (1ms)
			RebuildScriptCaches (51ms)
			SetupLoadedEditorAssemblies (378ms)
				LogAssemblyErrors (0ms)
				InitializePlatformSupportModulesInManaged (5ms)
				SetLoadedEditorAssemblies (0ms)
				RefreshPlugins (47ms)
				BeforeProcessingInitializeOnLoad (88ms)
				ProcessInitializeOnLoadAttributes (217ms)
				ProcessInitializeOnLoadMethodAttributes (13ms)
				AfterProcessingInitializeOnLoad (7ms)
				EditorAssembliesLoaded (0ms)
			ExecutionOrderSort2 (0ms)
			AwakeInstancesAfterBackupRestoration (7ms)
Platform modules already initialized, skipping
========================================================================
Worker process is ready to serve import requests
Launched and connected shader compiler UnityShaderCompiler.exe after 0.06 seconds
Refreshing native plugins compatible for Editor in 0.57 ms, found 3 plugins.
Preloading 0 native plugins for Editor in 0.00 ms.
Unloading 2151 Unused Serialized files (Serialized files now loaded: 0)
System memory in use before: 97.5 MB.
System memory in use after: 97.6 MB.

Unloading 36 unused Assets to reduce memory usage. Loaded Objects now: 2583.
Total: 3.558700 ms (FindLiveObjects: 0.256600 ms CreateObjectMapping: 0.060100 ms MarkObjects: 3.146800 ms  DeleteObjects: 0.093600 ms)

AssetImportParameters requested are different than current active one (requested -> active):
  custom:framework-win-MediaFoundation: 216162199b28c13a410421893ffa2e32 -> 
  custom:video-decoder-ogg-theora: a1e56fd34408186e4bbccfd4996cb3dc -> 
  custom:container-muxer-webm: aa71ff27fc2769a1b78a27578f13a17b -> 
  custom:container-demuxer-webm: 4f35f7cbe854078d1ac9338744f61a02 -> 
  custom:container-demuxer-ogg: 62fdf1f143b41e24485cea50d1cbac27 -> 
  custom:video-encoder-webm-vp8: eb34c28f22e8b96e1ab97ce403110664 -> 
  custom:video-decoder-webm-vp8: 9c59270c3fd7afecdb556c50c9e8de78 -> 
  custom:audio-decoder-ogg-vorbis: bf7c407c2cedff20999df2af8eb42d56 -> 
  custom:audio-encoder-webm-vorbis: bf7c407c2cedff20999df2af8eb42d56 -> 
========================================================================
Received Import Request.
  path: Assets/Scenes/Credits.unity
  artifactKey: Guid(c4cd829d21e91924cb1728081f253530) Importer(815301076,1909f56bfc062723c751e8b465ee728b)
Start importing Assets/Scenes/Credits.unity using Guid(c4cd829d21e91924cb1728081f253530) Importer(815301076,1909f56bfc062723c751e8b465ee728b)  -> (artifact id: 'e0acbc8d1950e3fe0c5527ab859a1b86') in 0.023056 seconds 
  Import took 0.026529 seconds .

========================================================================
Received Import Request.
  Time since last request: 931.689332 seconds.
  path: Assets/Scripts/Gobstrosity.cs
  artifactKey: Guid(a4808b1a1609470409a86a0f055c3362) Importer(815301076,1909f56bfc062723c751e8b465ee728b)
Start importing Assets/Scripts/Gobstrosity.cs using Guid(a4808b1a1609470409a86a0f055c3362) Importer(815301076,1909f56bfc062723c751e8b465ee728b)  -> (artifact id: '794c100314e6b1f7fee6c284760e3981') in 0.031154 seconds 
  Import took 0.034874 seconds .

========================================================================
Received Prepare
Registering precompiled user dll's ...
Registered in 0.009034 seconds.
Begin MonoManager ReloadAssembly
Native extension for WindowsStandalone target not found
Native extension for WebGL target not found
Refreshing native plugins compatible for Editor in 0.62 ms, found 3 plugins.
Preloading 0 native plugins for Editor in 0.00 ms.
Mono: successfully reloaded assembly
- Completed reload, in  1.144 seconds
Domain Reload Profiling:
	ReloadAssembly (1145ms)
		BeginReloadAssembly (138ms)
			ExecutionOrderSort (0ms)
			DisableScriptedObjects (7ms)
			BackupInstance (0ms)
			ReleaseScriptingObjects (0ms)
			CreateAndSetChildDomain (42ms)
		EndReloadAssembly (935ms)
			LoadAssemblies (106ms)
			RebuildTransferFunctionScriptingTraits (0ms)
			SetupTypeCache (339ms)
			ReleaseScriptCaches (1ms)
			RebuildScriptCaches (44ms)
			SetupLoadedEditorAssemblies (328ms)
				LogAssemblyErrors (0ms)
				InitializePlatformSupportModulesInManaged (7ms)
				SetLoadedEditorAssemblies (1ms)
				RefreshPlugins (1ms)
				BeforeProcessingInitializeOnLoad (91ms)
				ProcessInitializeOnLoadAttributes (216ms)
				ProcessInitializeOnLoadMethodAttributes (6ms)
				AfterProcessingInitializeOnLoad (7ms)
				EditorAssembliesLoaded (0ms)
			ExecutionOrderSort2 (0ms)
			AwakeInstancesAfterBackupRestoration (12ms)
Platform modules already initialized, skipping
Refreshing native plugins compatible for Editor in 0.59 ms, found 3 plugins.
Preloading 0 native plugins for Editor in 0.00 ms.
Unloading 2128 Unused Serialized files (Serialized files now loaded: 0)
System memory in use before: 95.6 MB.
System memory in use after: 95.7 MB.

Unloading 24 unused Assets to reduce memory usage. Loaded Objects now: 2586.
Total: 3.387800 ms (FindLiveObjects: 0.244600 ms CreateObjectMapping: 0.058500 ms MarkObjects: 3.052100 ms  DeleteObjects: 0.031700 ms)

AssetImportParameters requested are different than current active one (requested -> active):
  custom:framework-win-MediaFoundation: 216162199b28c13a410421893ffa2e32 -> 
  custom:video-decoder-ogg-theora: a1e56fd34408186e4bbccfd4996cb3dc -> 
  custom:container-muxer-webm: aa71ff27fc2769a1b78a27578f13a17b -> 
  custom:container-demuxer-webm: 4f35f7cbe854078d1ac9338744f61a02 -> 
  custom:container-demuxer-ogg: 62fdf1f143b41e24485cea50d1cbac27 -> 
  custom:video-encoder-webm-vp8: eb34c28f22e8b96e1ab97ce403110664 -> 
  custom:video-decoder-webm-vp8: 9c59270c3fd7afecdb556c50c9e8de78 -> 
  custom:audio-decoder-ogg-vorbis: bf7c407c2cedff20999df2af8eb42d56 -> 
  custom:audio-encoder-webm-vorbis: bf7c407c2cedff20999df2af8eb42d56 -> 
========================================================================
Received Prepare
Registering precompiled user dll's ...
Registered in 0.008822 seconds.
Begin MonoManager ReloadAssembly
Native extension for WindowsStandalone target not found
Native extension for WebGL target not found
Refreshing native plugins compatible for Editor in 0.59 ms, found 3 plugins.
Preloading 0 native plugins for Editor in 0.00 ms.
Mono: successfully reloaded assembly
- Completed reload, in  1.136 seconds
Domain Reload Profiling:
	ReloadAssembly (1136ms)
		BeginReloadAssembly (127ms)
			ExecutionOrderSort (0ms)
			DisableScriptedObjects (7ms)
			BackupInstance (0ms)
			ReleaseScriptingObjects (0ms)
			CreateAndSetChildDomain (40ms)
		EndReloadAssembly (937ms)
			LoadAssemblies (106ms)
			RebuildTransferFunctionScriptingTraits (0ms)
			SetupTypeCache (335ms)
			ReleaseScriptCaches (1ms)
			RebuildScriptCaches (44ms)
			SetupLoadedEditorAssemblies (333ms)
				LogAssemblyErrors (0ms)
				InitializePlatformSupportModulesInManaged (6ms)
				SetLoadedEditorAssemblies (0ms)
				RefreshPlugins (1ms)
				BeforeProcessingInitializeOnLoad (95ms)
				ProcessInitializeOnLoadAttributes (217ms)
				ProcessInitializeOnLoadMethodAttributes (6ms)
				AfterProcessingInitializeOnLoad (7ms)
				EditorAssembliesLoaded (0ms)
			ExecutionOrderSort2 (0ms)
			AwakeInstancesAfterBackupRestoration (13ms)
Platform modules already initialized, skipping
Refreshing native plugins compatible for Editor in 0.59 ms, found 3 plugins.
Preloading 0 native plugins for Editor in 0.00 ms.
Unloading 2128 Unused Serialized files (Serialized files now loaded: 0)
System memory in use before: 95.7 MB.
System memory in use after: 95.8 MB.

Unloading 24 unused Assets to reduce memory usage. Loaded Objects now: 2589.
Total: 3.410100 ms (FindLiveObjects: 0.229200 ms CreateObjectMapping: 0.066200 ms MarkObjects: 3.094800 ms  DeleteObjects: 0.018600 ms)

AssetImportParameters requested are different than current active one (requested -> active):
  custom:framework-win-MediaFoundation: 216162199b28c13a410421893ffa2e32 -> 
  custom:video-decoder-ogg-theora: a1e56fd34408186e4bbccfd4996cb3dc -> 
  custom:container-muxer-webm: aa71ff27fc2769a1b78a27578f13a17b -> 
  custom:container-demuxer-webm: 4f35f7cbe854078d1ac9338744f61a02 -> 
  custom:container-demuxer-ogg: 62fdf1f143b41e24485cea50d1cbac27 -> 
  custom:video-encoder-webm-vp8: eb34c28f22e8b96e1ab97ce403110664 -> 
  custom:video-decoder-webm-vp8: 9c59270c3fd7afecdb556c50c9e8de78 -> 
  custom:audio-decoder-ogg-vorbis: bf7c407c2cedff20999df2af8eb42d56 -> 
  custom:audio-encoder-webm-vorbis: bf7c407c2cedff20999df2af8eb42d56 -> 
========================================================================
Received Prepare
Registering precompiled user dll's ...
Registered in 0.008693 seconds.
Begin MonoManager ReloadAssembly
Native extension for WindowsStandalone target not found
Native extension for WebGL target not found
Refreshing native plugins compatible for Editor in 0.60 ms, found 3 plugins.
Preloading 0 native plugins for Editor in 0.00 ms.
Mono: successfully reloaded assembly
- Completed reload, in  1.146 seconds
Domain Reload Profiling:
	ReloadAssembly (1147ms)
		BeginReloadAssembly (130ms)
			ExecutionOrderSort (0ms)
			DisableScriptedObjects (8ms)
			BackupInstance (0ms)
			ReleaseScriptingObjects (0ms)
			CreateAndSetChildDomain (40ms)
		EndReloadAssembly (946ms)
			LoadAssemblies (109ms)
			RebuildTransferFunctionScriptingTraits (0ms)
			SetupTypeCache (332ms)
			ReleaseScriptCaches (1ms)
			RebuildScriptCaches (44ms)
			SetupLoadedEditorAssemblies (338ms)
				LogAssemblyErrors (0ms)
				InitializePlatformSupportModulesInManaged (7ms)
				SetLoadedEditorAssemblies (0ms)
				RefreshPlugins (1ms)
				BeforeProcessingInitializeOnLoad (92ms)
				ProcessInitializeOnLoadAttributes (224ms)
				ProcessInitializeOnLoadMethodAttributes (6ms)
				AfterProcessingInitializeOnLoad (8ms)
				EditorAssembliesLoaded (0ms)
			ExecutionOrderSort2 (0ms)
			AwakeInstancesAfterBackupRestoration (13ms)
Platform modules already initialized, skipping
Refreshing native plugins compatible for Editor in 0.62 ms, found 3 plugins.
Preloading 0 native plugins for Editor in 0.00 ms.
Unloading 2128 Unused Serialized files (Serialized files now loaded: 0)
System memory in use before: 95.7 MB.
System memory in use after: 95.8 MB.

Unloading 24 unused Assets to reduce memory usage. Loaded Objects now: 2592.
Total: 3.378300 ms (FindLiveObjects: 0.252900 ms CreateObjectMapping: 0.054800 ms MarkObjects: 3.047500 ms  DeleteObjects: 0.021100 ms)

AssetImportParameters requested are different than current active one (requested -> active):
  custom:framework-win-MediaFoundation: 216162199b28c13a410421893ffa2e32 -> 
  custom:video-decoder-ogg-theora: a1e56fd34408186e4bbccfd4996cb3dc -> 
  custom:container-muxer-webm: aa71ff27fc2769a1b78a27578f13a17b -> 
  custom:container-demuxer-webm: 4f35f7cbe854078d1ac9338744f61a02 -> 
  custom:container-demuxer-ogg: 62fdf1f143b41e24485cea50d1cbac27 -> 
  custom:video-encoder-webm-vp8: eb34c28f22e8b96e1ab97ce403110664 -> 
  custom:video-decoder-webm-vp8: 9c59270c3fd7afecdb556c50c9e8de78 -> 
  custom:audio-decoder-ogg-vorbis: bf7c407c2cedff20999df2af8eb42d56 -> 
  custom:audio-encoder-webm-vorbis: bf7c407c2cedff20999df2af8eb42d56 -> 
========================================================================
Received Import Request.
  Time since last request: 458.048583 seconds.
  path: Assets/Scenes/Engineer_B.unity
  artifactKey: Guid(768e73675c6e0c8468ae56873e3d31f9) Importer(815301076,1909f56bfc062723c751e8b465ee728b)
Start importing Assets/Scenes/Engineer_B.unity using Guid(768e73675c6e0c8468ae56873e3d31f9) Importer(815301076,1909f56bfc062723c751e8b465ee728b)  -> (artifact id: '017d1cb608703b7cbdf52554e3fdc38a') in 0.024594 seconds 
  Import took 0.028490 seconds .

========================================================================
Received Import Request.
  Time since last request: 132.018147 seconds.
  path: Assets/Scripts/SpacebarAdv.cs
  artifactKey: Guid(16a6223e36091e946861d15bfcbb2a31) Importer(815301076,1909f56bfc062723c751e8b465ee728b)
Start importing Assets/Scripts/SpacebarAdv.cs using Guid(16a6223e36091e946861d15bfcbb2a31) Importer(815301076,1909f56bfc062723c751e8b465ee728b)  -> (artifact id: '0b74173f325109661c8fd650a770d5e7') in 0.010296 seconds 
  Import took 0.013947 seconds .

========================================================================
Received Prepare
Registering precompiled user dll's ...
Registered in 0.008963 seconds.
Begin MonoManager ReloadAssembly
Native extension for WindowsStandalone target not found
Native extension for WebGL target not found
Refreshing native plugins compatible for Editor in 0.61 ms, found 3 plugins.
Preloading 0 native plugins for Editor in 0.00 ms.
Mono: successfully reloaded assembly
- Completed reload, in  1.165 seconds
Domain Reload Profiling:
	ReloadAssembly (1166ms)
		BeginReloadAssembly (138ms)
			ExecutionOrderSort (0ms)
			DisableScriptedObjects (7ms)
			BackupInstance (0ms)
			ReleaseScriptingObjects (0ms)
			CreateAndSetChildDomain (45ms)
		EndReloadAssembly (952ms)
			LoadAssemblies (116ms)
			RebuildTransferFunctionScriptingTraits (0ms)
			SetupTypeCache (339ms)
			ReleaseScriptCaches (1ms)
			RebuildScriptCaches (45ms)
			SetupLoadedEditorAssemblies (343ms)
				LogAssemblyErrors (0ms)
				InitializePlatformSupportModulesInManaged (7ms)
				SetLoadedEditorAssemblies (0ms)
				RefreshPlugins (1ms)
				BeforeProcessingInitializeOnLoad (92ms)
				ProcessInitializeOnLoadAttributes (229ms)
				ProcessInitializeOnLoadMethodAttributes (6ms)
				AfterProcessingInitializeOnLoad (8ms)
				EditorAssembliesLoaded (0ms)
			ExecutionOrderSort2 (0ms)
			AwakeInstancesAfterBackupRestoration (12ms)
Platform modules already initialized, skipping
Refreshing native plugins compatible for Editor in 0.59 ms, found 3 plugins.
Preloading 0 native plugins for Editor in 0.00 ms.
Unloading 2129 Unused Serialized files (Serialized files now loaded: 0)
System memory in use before: 95.7 MB.
System memory in use after: 95.9 MB.

Unloading 24 unused Assets to reduce memory usage. Loaded Objects now: 2596.
Total: 3.403000 ms (FindLiveObjects: 0.242700 ms CreateObjectMapping: 0.054400 ms MarkObjects: 3.082800 ms  DeleteObjects: 0.021500 ms)

AssetImportParameters requested are different than current active one (requested -> active):
  custom:framework-win-MediaFoundation: 216162199b28c13a410421893ffa2e32 -> 
  custom:video-decoder-ogg-theora: a1e56fd34408186e4bbccfd4996cb3dc -> 
  custom:container-muxer-webm: aa71ff27fc2769a1b78a27578f13a17b -> 
  custom:container-demuxer-webm: 4f35f7cbe854078d1ac9338744f61a02 -> 
  custom:container-demuxer-ogg: 62fdf1f143b41e24485cea50d1cbac27 -> 
  custom:video-encoder-webm-vp8: eb34c28f22e8b96e1ab97ce403110664 -> 
  custom:video-decoder-webm-vp8: 9c59270c3fd7afecdb556c50c9e8de78 -> 
  custom:audio-decoder-ogg-vorbis: bf7c407c2cedff20999df2af8eb42d56 -> 
  custom:audio-encoder-webm-vorbis: bf7c407c2cedff20999df2af8eb42d56 -> 
========================================================================
Received Import Request.
  Time since last request: 878.151092 seconds.
  path: Assets/Scenes/Credits.unity
  artifactKey: Guid(c4cd829d21e91924cb1728081f253530) Importer(815301076,1909f56bfc062723c751e8b465ee728b)
Start importing Assets/Scenes/Credits.unity using Guid(c4cd829d21e91924cb1728081f253530) Importer(815301076,1909f56bfc062723c751e8b465ee728b)  -> (artifact id: '3204f21ebf8f6a64e70dc13cd5350837') in 0.016139 seconds 
  Import took 0.019992 seconds .

========================================================================
Received Import Request.
  Time since last request: 943.158535 seconds.
  path: Assets/Scenes/Gov_B.unity
  artifactKey: Guid(c469c3bacbd50964d90ae1824bd0357f) Importer(815301076,1909f56bfc062723c751e8b465ee728b)
Start importing Assets/Scenes/Gov_B.unity using Guid(c469c3bacbd50964d90ae1824bd0357f) Importer(815301076,1909f56bfc062723c751e8b465ee728b)  -> (artifact id: '5b4957f9ce6c3d3ad766340ca75f4c9e') in 0.010940 seconds 
  Import took 0.014823 seconds .

========================================================================
Received Import Request.
  Time since last request: 47.897590 seconds.
  path: Packages/dev.yarnspinner.unity/Runtime/YarnSpinner.Unity.asmdef
  artifactKey: Guid(34aa492b82754644eac2f903cd496268) Importer(815301076,1909f56bfc062723c751e8b465ee728b)
Start importing Packages/dev.yarnspinner.unity/Runtime/YarnSpinner.Unity.asmdef using Guid(34aa492b82754644eac2f903cd496268) Importer(815301076,1909f56bfc062723c751e8b465ee728b)  -> (artifact id: '3219930f5cb952ae5ed70a828e3b7abd') in 0.014313 seconds 
  Import took 0.018332 seconds .

========================================================================
Received Prepare
Registering precompiled user dll's ...
Registered in 0.009027 seconds.
Begin MonoManager ReloadAssembly
Native extension for WindowsStandalone target not found
Native extension for WebGL target not found
Refreshing native plugins compatible for Editor in 0.62 ms, found 3 plugins.
Preloading 0 native plugins for Editor in 0.00 ms.
Mono: successfully reloaded assembly
- Completed reload, in  1.130 seconds
Domain Reload Profiling:
	ReloadAssembly (1131ms)
		BeginReloadAssembly (125ms)
			ExecutionOrderSort (0ms)
			DisableScriptedObjects (8ms)
			BackupInstance (0ms)
			ReleaseScriptingObjects (0ms)
			CreateAndSetChildDomain (43ms)
		EndReloadAssembly (933ms)
			LoadAssemblies (106ms)
			RebuildTransferFunctionScriptingTraits (0ms)
			SetupTypeCache (333ms)
			ReleaseScriptCaches (1ms)
			RebuildScriptCaches (44ms)
			SetupLoadedEditorAssemblies (331ms)
				LogAssemblyErrors (0ms)
				InitializePlatformSupportModulesInManaged (7ms)
				SetLoadedEditorAssemblies (1ms)
				RefreshPlugins (1ms)
				BeforeProcessingInitializeOnLoad (93ms)
				ProcessInitializeOnLoadAttributes (218ms)
				ProcessInitializeOnLoadMethodAttributes (6ms)
				AfterProcessingInitializeOnLoad (7ms)
				EditorAssembliesLoaded (0ms)
			ExecutionOrderSort2 (0ms)
			AwakeInstancesAfterBackupRestoration (12ms)
Platform modules already initialized, skipping
Refreshing native plugins compatible for Editor in 0.62 ms, found 3 plugins.
Preloading 0 native plugins for Editor in 0.00 ms.
Unloading 2129 Unused Serialized files (Serialized files now loaded: 0)
System memory in use before: 95.8 MB.
System memory in use after: 95.9 MB.

Unloading 24 unused Assets to reduce memory usage. Loaded Objects now: 2599.
Total: 3.442200 ms (FindLiveObjects: 0.262000 ms CreateObjectMapping: 0.068700 ms MarkObjects: 3.089200 ms  DeleteObjects: 0.021000 ms)

AssetImportParameters requested are different than current active one (requested -> active):
  custom:framework-win-MediaFoundation: 216162199b28c13a410421893ffa2e32 -> 
  custom:video-decoder-ogg-theora: a1e56fd34408186e4bbccfd4996cb3dc -> 
  custom:container-muxer-webm: aa71ff27fc2769a1b78a27578f13a17b -> 
  custom:container-demuxer-webm: 4f35f7cbe854078d1ac9338744f61a02 -> 
  custom:container-demuxer-ogg: 62fdf1f143b41e24485cea50d1cbac27 -> 
  custom:video-encoder-webm-vp8: eb34c28f22e8b96e1ab97ce403110664 -> 
  custom:video-decoder-webm-vp8: 9c59270c3fd7afecdb556c50c9e8de78 -> 
  custom:audio-decoder-ogg-vorbis: bf7c407c2cedff20999df2af8eb42d56 -> 
  custom:audio-encoder-webm-vorbis: bf7c407c2cedff20999df2af8eb42d56 -> 
========================================================================
Received Import Request.
  Time since last request: 77.654494 seconds.
  path: Assets/Scripts/SpacebarAdvTitle.cs
  artifactKey: Guid(c219406cf414f7a47add0c4a64a05a4c) Importer(815301076,1909f56bfc062723c751e8b465ee728b)
Start importing Assets/Scripts/SpacebarAdvTitle.cs using Guid(c219406cf414f7a47add0c4a64a05a4c) Importer(815301076,1909f56bfc062723c751e8b465ee728b)  -> (artifact id: '7266eaadbd5e723b5a632b46f6e59f59') in 0.015227 seconds 
  Import took 0.019186 seconds .

========================================================================
Received Prepare
Registering precompiled user dll's ...
Registered in 0.009169 seconds.
Begin MonoManager ReloadAssembly
Native extension for WindowsStandalone target not found
Native extension for WebGL target not found
Refreshing native plugins compatible for Editor in 0.60 ms, found 3 plugins.
Preloading 0 native plugins for Editor in 0.00 ms.
Mono: successfully reloaded assembly
- Completed reload, in  1.146 seconds
Domain Reload Profiling:
	ReloadAssembly (1147ms)
		BeginReloadAssembly (121ms)
			ExecutionOrderSort (0ms)
			DisableScriptedObjects (7ms)
			BackupInstance (0ms)
			ReleaseScriptingObjects (0ms)
			CreateAndSetChildDomain (39ms)
		EndReloadAssembly (953ms)
			LoadAssemblies (108ms)
			RebuildTransferFunctionScriptingTraits (0ms)
			SetupTypeCache (344ms)
			ReleaseScriptCaches (1ms)
			RebuildScriptCaches (48ms)
			SetupLoadedEditorAssemblies (333ms)
				LogAssemblyErrors (0ms)
				InitializePlatformSupportModulesInManaged (7ms)
				SetLoadedEditorAssemblies (0ms)
				RefreshPlugins (1ms)
				BeforeProcessingInitializeOnLoad (92ms)
				ProcessInitializeOnLoadAttributes (220ms)
				ProcessInitializeOnLoadMethodAttributes (6ms)
				AfterProcessingInitializeOnLoad (7ms)
				EditorAssembliesLoaded (0ms)
			ExecutionOrderSort2 (0ms)
			AwakeInstancesAfterBackupRestoration (13ms)
Platform modules already initialized, skipping
Refreshing native plugins compatible for Editor in 0.60 ms, found 3 plugins.
Preloading 0 native plugins for Editor in 0.00 ms.
Unloading 2130 Unused Serialized files (Serialized files now loaded: 0)
System memory in use before: 95.8 MB.
System memory in use after: 95.9 MB.

Unloading 24 unused Assets to reduce memory usage. Loaded Objects now: 2603.
Total: 3.469500 ms (FindLiveObjects: 0.261900 ms CreateObjectMapping: 0.053600 ms MarkObjects: 3.127600 ms  DeleteObjects: 0.024500 ms)

AssetImportParameters requested are different than current active one (requested -> active):
  custom:framework-win-MediaFoundation: 216162199b28c13a410421893ffa2e32 -> 
  custom:video-decoder-ogg-theora: a1e56fd34408186e4bbccfd4996cb3dc -> 
  custom:container-muxer-webm: aa71ff27fc2769a1b78a27578f13a17b -> 
  custom:container-demuxer-webm: 4f35f7cbe854078d1ac9338744f61a02 -> 
  custom:container-demuxer-ogg: 62fdf1f143b41e24485cea50d1cbac27 -> 
  custom:video-encoder-webm-vp8: eb34c28f22e8b96e1ab97ce403110664 -> 
  custom:video-decoder-webm-vp8: 9c59270c3fd7afecdb556c50c9e8de78 -> 
  custom:audio-decoder-ogg-vorbis: bf7c407c2cedff20999df2af8eb42d56 -> 
  custom:audio-encoder-webm-vorbis: bf7c407c2cedff20999df2af8eb42d56 -> 
========================================================================
Received Import Request.
  Time since last request: 129.341853 seconds.
  path: Assets/Scripts/SpacebarAdvTitle.cs
  artifactKey: Guid(c219406cf414f7a47add0c4a64a05a4c) Importer(815301076,1909f56bfc062723c751e8b465ee728b)
Start importing Assets/Scripts/SpacebarAdvTitle.cs using Guid(c219406cf414f7a47add0c4a64a05a4c) Importer(815301076,1909f56bfc062723c751e8b465ee728b)  -> (artifact id: '7da5d69073a5b3576ba2bac381534d5e') in 0.008465 seconds 
  Import took 0.012531 seconds .

========================================================================
Received Prepare
Registering precompiled user dll's ...
Registered in 0.008804 seconds.
Begin MonoManager ReloadAssembly
Native extension for WindowsStandalone target not found
Native extension for WebGL target not found
Refreshing native plugins compatible for Editor in 0.61 ms, found 3 plugins.
Preloading 0 native plugins for Editor in 0.00 ms.
Mono: successfully reloaded assembly
- Completed reload, in  1.127 seconds
Domain Reload Profiling:
	ReloadAssembly (1128ms)
		BeginReloadAssembly (125ms)
			ExecutionOrderSort (0ms)
			DisableScriptedObjects (8ms)
			BackupInstance (0ms)
			ReleaseScriptingObjects (0ms)
			CreateAndSetChildDomain (39ms)
		EndReloadAssembly (931ms)
			LoadAssemblies (108ms)
			RebuildTransferFunctionScriptingTraits (0ms)
			SetupTypeCache (331ms)
			ReleaseScriptCaches (1ms)
			RebuildScriptCaches (44ms)
			SetupLoadedEditorAssemblies (330ms)
				LogAssemblyErrors (0ms)
				InitializePlatformSupportModulesInManaged (6ms)
				SetLoadedEditorAssemblies (0ms)
				RefreshPlugins (1ms)
				BeforeProcessingInitializeOnLoad (91ms)
				ProcessInitializeOnLoadAttributes (218ms)
				ProcessInitializeOnLoadMethodAttributes (6ms)
				AfterProcessingInitializeOnLoad (7ms)
				EditorAssembliesLoaded (0ms)
			ExecutionOrderSort2 (0ms)
			AwakeInstancesAfterBackupRestoration (12ms)
Platform modules already initialized, skipping
Refreshing native plugins compatible for Editor in 0.60 ms, found 3 plugins.
Preloading 0 native plugins for Editor in 0.00 ms.
Unloading 2130 Unused Serialized files (Serialized files now loaded: 0)
System memory in use before: 95.8 MB.
System memory in use after: 95.9 MB.

Unloading 24 unused Assets to reduce memory usage. Loaded Objects now: 2606.
Total: 3.509900 ms (FindLiveObjects: 0.238400 ms CreateObjectMapping: 0.054400 ms MarkObjects: 3.193400 ms  DeleteObjects: 0.022500 ms)

AssetImportParameters requested are different than current active one (requested -> active):
  custom:framework-win-MediaFoundation: 216162199b28c13a410421893ffa2e32 -> 
  custom:video-decoder-ogg-theora: a1e56fd34408186e4bbccfd4996cb3dc -> 
  custom:container-muxer-webm: aa71ff27fc2769a1b78a27578f13a17b -> 
  custom:container-demuxer-webm: 4f35f7cbe854078d1ac9338744f61a02 -> 
  custom:container-demuxer-ogg: 62fdf1f143b41e24485cea50d1cbac27 -> 
  custom:video-encoder-webm-vp8: eb34c28f22e8b96e1ab97ce403110664 -> 
  custom:video-decoder-webm-vp8: 9c59270c3fd7afecdb556c50c9e8de78 -> 
  custom:audio-decoder-ogg-vorbis: bf7c407c2cedff20999df2af8eb42d56 -> 
  custom:audio-encoder-webm-vorbis: bf7c407c2cedff20999df2af8eb42d56 -> 
========================================================================
Received Prepare
Registering precompiled user dll's ...
Registered in 0.008717 seconds.
Begin MonoManager ReloadAssembly
Native extension for WindowsStandalone target not found
Native extension for WebGL target not found
Refreshing native plugins compatible for Editor in 0.61 ms, found 3 plugins.
Preloading 0 native plugins for Editor in 0.00 ms.
Mono: successfully reloaded assembly
- Completed reload, in  1.124 seconds
Domain Reload Profiling:
	ReloadAssembly (1124ms)
		BeginReloadAssembly (118ms)
			ExecutionOrderSort (0ms)
			DisableScriptedObjects (8ms)
			BackupInstance (0ms)
			ReleaseScriptingObjects (0ms)
			CreateAndSetChildDomain (38ms)
		EndReloadAssembly (932ms)
			LoadAssemblies (106ms)
			RebuildTransferFunctionScriptingTraits (0ms)
			SetupTypeCache (331ms)
			ReleaseScriptCaches (1ms)
			RebuildScriptCaches (46ms)
			SetupLoadedEditorAssemblies (330ms)
				LogAssemblyErrors (0ms)
				InitializePlatformSupportModulesInManaged (6ms)
				SetLoadedEditorAssemblies (0ms)
				RefreshPlugins (1ms)
				BeforeProcessingInitializeOnLoad (92ms)
				ProcessInitializeOnLoadAttributes (218ms)
				ProcessInitializeOnLoadMethodAttributes (6ms)
				AfterProcessingInitializeOnLoad (7ms)
				EditorAssembliesLoaded (0ms)
			ExecutionOrderSort2 (0ms)
			AwakeInstancesAfterBackupRestoration (12ms)
Platform modules already initialized, skipping
Refreshing native plugins compatible for Editor in 0.76 ms, found 3 plugins.
Preloading 0 native plugins for Editor in 0.00 ms.
Unloading 2130 Unused Serialized files (Serialized files now loaded: 0)
System memory in use before: 95.8 MB.
System memory in use after: 95.9 MB.

Unloading 24 unused Assets to reduce memory usage. Loaded Objects now: 2609.
Total: 3.541400 ms (FindLiveObjects: 0.264400 ms CreateObjectMapping: 0.058800 ms MarkObjects: 3.194800 ms  DeleteObjects: 0.021800 ms)

AssetImportParameters requested are different than current active one (requested -> active):
  custom:framework-win-MediaFoundation: 216162199b28c13a410421893ffa2e32 -> 
  custom:video-decoder-ogg-theora: a1e56fd34408186e4bbccfd4996cb3dc -> 
  custom:container-muxer-webm: aa71ff27fc2769a1b78a27578f13a17b -> 
  custom:container-demuxer-webm: 4f35f7cbe854078d1ac9338744f61a02 -> 
  custom:container-demuxer-ogg: 62fdf1f143b41e24485cea50d1cbac27 -> 
  custom:video-encoder-webm-vp8: eb34c28f22e8b96e1ab97ce403110664 -> 
  custom:video-decoder-webm-vp8: 9c59270c3fd7afecdb556c50c9e8de78 -> 
  custom:audio-decoder-ogg-vorbis: bf7c407c2cedff20999df2af8eb42d56 -> 
  custom:audio-encoder-webm-vorbis: bf7c407c2cedff20999df2af8eb42d56 -> 
========================================================================
Received Import Request.
  Time since last request: 124.336030 seconds.
  path: Assets/Scenes/Opening_A.unity
  artifactKey: Guid(6b9aa56a57ba14f43832de81d8477919) Importer(815301076,1909f56bfc062723c751e8b465ee728b)
Start importing Assets/Scenes/Opening_A.unity using Guid(6b9aa56a57ba14f43832de81d8477919) Importer(815301076,1909f56bfc062723c751e8b465ee728b)  -> (artifact id: '7f256e130c320dc58144dc98e9bdf582') in 0.022623 seconds 
  Import took 0.026288 seconds .

========================================================================
Received Prepare
Registering precompiled user dll's ...
Registered in 0.009097 seconds.
Begin MonoManager ReloadAssembly
Native extension for WindowsStandalone target not found
Native extension for WebGL target not found
Refreshing native plugins compatible for Editor in 0.67 ms, found 3 plugins.
Preloading 0 native plugins for Editor in 0.00 ms.
Mono: successfully reloaded assembly
- Completed reload, in  1.138 seconds
Domain Reload Profiling:
	ReloadAssembly (1139ms)
		BeginReloadAssembly (129ms)
			ExecutionOrderSort (0ms)
			DisableScriptedObjects (7ms)
			BackupInstance (0ms)
			ReleaseScriptingObjects (0ms)
			CreateAndSetChildDomain (42ms)
		EndReloadAssembly (936ms)
			LoadAssemblies (110ms)
			RebuildTransferFunctionScriptingTraits (0ms)
			SetupTypeCache (331ms)
			ReleaseScriptCaches (1ms)
			RebuildScriptCaches (46ms)
			SetupLoadedEditorAssemblies (334ms)
				LogAssemblyErrors (0ms)
				InitializePlatformSupportModulesInManaged (8ms)
				SetLoadedEditorAssemblies (1ms)
				RefreshPlugins (1ms)
				BeforeProcessingInitializeOnLoad (92ms)
				ProcessInitializeOnLoadAttributes (219ms)
				ProcessInitializeOnLoadMethodAttributes (7ms)
				AfterProcessingInitializeOnLoad (7ms)
				EditorAssembliesLoaded (0ms)
			ExecutionOrderSort2 (0ms)
			AwakeInstancesAfterBackupRestoration (12ms)
Platform modules already initialized, skipping
Refreshing native plugins compatible for Editor in 0.79 ms, found 3 plugins.
Preloading 0 native plugins for Editor in 0.00 ms.
Unloading 2130 Unused Serialized files (Serialized files now loaded: 0)
System memory in use before: 95.8 MB.
System memory in use after: 95.9 MB.

Unloading 24 unused Assets to reduce memory usage. Loaded Objects now: 2612.
Total: 3.756600 ms (FindLiveObjects: 0.261500 ms CreateObjectMapping: 0.054900 ms MarkObjects: 3.412100 ms  DeleteObjects: 0.027000 ms)

AssetImportParameters requested are different than current active one (requested -> active):
  custom:framework-win-MediaFoundation: 216162199b28c13a410421893ffa2e32 -> 
  custom:video-decoder-ogg-theora: a1e56fd34408186e4bbccfd4996cb3dc -> 
  custom:container-muxer-webm: aa71ff27fc2769a1b78a27578f13a17b -> 
  custom:container-demuxer-webm: 4f35f7cbe854078d1ac9338744f61a02 -> 
  custom:container-demuxer-ogg: 62fdf1f143b41e24485cea50d1cbac27 -> 
  custom:video-encoder-webm-vp8: eb34c28f22e8b96e1ab97ce403110664 -> 
  custom:video-decoder-webm-vp8: 9c59270c3fd7afecdb556c50c9e8de78 -> 
  custom:audio-decoder-ogg-vorbis: bf7c407c2cedff20999df2af8eb42d56 -> 
  custom:audio-encoder-webm-vorbis: bf7c407c2cedff20999df2af8eb42d56 -> 
========================================================================
Received Import Request.
  Time since last request: 80.138487 seconds.
  path: Assets/Scenes/Gov_A.unity
  artifactKey: Guid(0555a871d0e90b84f82db5b4b5356dff) Importer(815301076,1909f56bfc062723c751e8b465ee728b)
Start importing Assets/Scenes/Gov_A.unity using Guid(0555a871d0e90b84f82db5b4b5356dff) Importer(815301076,1909f56bfc062723c751e8b465ee728b)  -> (artifact id: '32d5356e5a713abd4ba7699cb3199f75') in 0.021988 seconds 
  Import took 0.025746 seconds .

========================================================================
Received Import Request.
  Time since last request: 58.909591 seconds.
  path: Assets/Scenes/Gov_B.unity
  artifactKey: Guid(c469c3bacbd50964d90ae1824bd0357f) Importer(815301076,1909f56bfc062723c751e8b465ee728b)
Start importing Assets/Scenes/Gov_B.unity using Guid(c469c3bacbd50964d90ae1824bd0357f) Importer(815301076,1909f56bfc062723c751e8b465ee728b)  -> (artifact id: 'ae5169c05899284ed5bdb98e5cf7f4ff') in 0.004260 seconds 
  Import took 0.007943 seconds .

========================================================================
Received Import Request.
  Time since last request: 104.823453 seconds.
  path: Assets/Scenes/Later_That_Night_Pt_2.unity
  artifactKey: Guid(7d635873e4156db40a7a114278349a58) Importer(815301076,1909f56bfc062723c751e8b465ee728b)
Start importing Assets/Scenes/Later_That_Night_Pt_2.unity using Guid(7d635873e4156db40a7a114278349a58) Importer(815301076,1909f56bfc062723c751e8b465ee728b)  -> (artifact id: '9331be6067bbbf4500f15d121c71fa50') in 0.012729 seconds 
  Import took 0.016702 seconds .

========================================================================
Received Import Request.
  Time since last request: 21.715405 seconds.
  path: Assets/Scenes/Engineer_A.unity
  artifactKey: Guid(20c812a682c229f4bb8aee56bd76cb5a) Importer(815301076,1909f56bfc062723c751e8b465ee728b)
Start importing Assets/Scenes/Engineer_A.unity using Guid(20c812a682c229f4bb8aee56bd76cb5a) Importer(815301076,1909f56bfc062723c751e8b465ee728b)  -> (artifact id: 'bdb60e5b15aa72aa438176f572b64de7') in 0.009970 seconds 
  Import took 0.013527 seconds .

========================================================================
Received Import Request.
  Time since last request: 35.794477 seconds.
  path: Assets/Scenes/Later_That_Night_Pt_1.unity
  artifactKey: Guid(2ff7943bd35707646969ab0dca831330) Importer(815301076,1909f56bfc062723c751e8b465ee728b)
Start importing Assets/Scenes/Later_That_Night_Pt_1.unity using Guid(2ff7943bd35707646969ab0dca831330) Importer(815301076,1909f56bfc062723c751e8b465ee728b)  -> (artifact id: '13741759ee4c7d5ca4128f1f85aedfd7') in 0.010170 seconds 
  Import took 0.013830 seconds .

========================================================================
Received Import Request.
  Time since last request: 14.558138 seconds.
  path: Assets/Scenes/Merchant_A.unity
  artifactKey: Guid(50505b78b083d0b4aba3394e1da85503) Importer(815301076,1909f56bfc062723c751e8b465ee728b)
Start importing Assets/Scenes/Merchant_A.unity using Guid(50505b78b083d0b4aba3394e1da85503) Importer(815301076,1909f56bfc062723c751e8b465ee728b)  -> (artifact id: '261c73b5d5a5d4a014965db301e2960b') in 0.010214 seconds 
  Import took 0.013890 seconds .

========================================================================
Received Import Request.
  Time since last request: 17.534032 seconds.
  path: Assets/Scenes/Merchant_B.unity
  artifactKey: Guid(33565b1ef2fc9e24a8a4722095c7c1fa) Importer(815301076,1909f56bfc062723c751e8b465ee728b)
Start importing Assets/Scenes/Merchant_B.unity using Guid(33565b1ef2fc9e24a8a4722095c7c1fa) Importer(815301076,1909f56bfc062723c751e8b465ee728b)  -> (artifact id: 'e1d16cf36b7a0e571644e89103af17ac') in 0.010078 seconds 
  Import took 0.013638 seconds .

========================================================================
Received Import Request.
  Time since last request: 12.813184 seconds.
  path: Assets/Scenes/Later_That_Night_Pt_3.unity
  artifactKey: Guid(df416c210274fcd42b34d4df25416f94) Importer(815301076,1909f56bfc062723c751e8b465ee728b)
Start importing Assets/Scenes/Later_That_Night_Pt_3.unity using Guid(df416c210274fcd42b34d4df25416f94) Importer(815301076,1909f56bfc062723c751e8b465ee728b)  -> (artifact id: '7084cd6a30a1fad9e8156c0d774f9fde') in 0.010532 seconds 
  Import took 0.014282 seconds .

========================================================================
Received Import Request.
  Time since last request: 16.895783 seconds.
  path: Assets/Scenes/Later_That_Night_Pt_3.unity
  artifactKey: Guid(df416c210274fcd42b34d4df25416f94) Importer(815301076,1909f56bfc062723c751e8b465ee728b)
Start importing Assets/Scenes/Later_That_Night_Pt_3.unity using Guid(df416c210274fcd42b34d4df25416f94) Importer(815301076,1909f56bfc062723c751e8b465ee728b)  -> (artifact id: '9e595561095d0f66c66678c78aae44e3') in 0.004309 seconds 
  Import took 0.007897 seconds .

========================================================================
Received Import Request.
  Time since last request: 9.173573 seconds.
  path: Assets/Scenes/Merchant_B.unity
  artifactKey: Guid(33565b1ef2fc9e24a8a4722095c7c1fa) Importer(815301076,1909f56bfc062723c751e8b465ee728b)
Start importing Assets/Scenes/Merchant_B.unity using Guid(33565b1ef2fc9e24a8a4722095c7c1fa) Importer(815301076,1909f56bfc062723c751e8b465ee728b)  -> (artifact id: '4509bccf9f838fdf87a8fd3ecac9c955') in 0.006038 seconds 
  Import took 0.009731 seconds .

========================================================================
Received Import Request.
  Time since last request: 6.614698 seconds.
  path: Assets/Scenes/Magus_A.unity
  artifactKey: Guid(ea7f4690704896647aca9b3e1ae94541) Importer(815301076,1909f56bfc062723c751e8b465ee728b)
Start importing Assets/Scenes/Magus_A.unity using Guid(ea7f4690704896647aca9b3e1ae94541) Importer(815301076,1909f56bfc062723c751e8b465ee728b)  -> (artifact id: 'cb41fb37a1421dfcca0db1a13fa41d53') in 0.011939 seconds 
  Import took 0.015675 seconds .

========================================================================
Received Import Request.
  Time since last request: 24.267571 seconds.
  path: Assets/Scenes/Magus_B.unity
  artifactKey: Guid(6dcb8911d6b8bb242bc15f9b3e5b414d) Importer(815301076,1909f56bfc062723c751e8b465ee728b)
Start importing Assets/Scenes/Magus_B.unity using Guid(6dcb8911d6b8bb242bc15f9b3e5b414d) Importer(815301076,1909f56bfc062723c751e8b465ee728b)  -> (artifact id: '1a68f93d4268aac76e4996fc1fcf02b3') in 0.010061 seconds 
  Import took 0.013814 seconds .

========================================================================
Received Import Request.
  Time since last request: 356.051698 seconds.
  path: Assets/Sprites/Spritesheet-bugman.png
  artifactKey: Guid(f2b16fa16c4370645aba3f6d7e27b3fd) Importer(815301076,1909f56bfc062723c751e8b465ee728b)
Start importing Assets/Sprites/Spritesheet-bugman.png using Guid(f2b16fa16c4370645aba3f6d7e27b3fd) Importer(815301076,1909f56bfc062723c751e8b465ee728b)  -> (artifact id: '8225ed6af761bffd9824af042da0fefc') in 0.106210 seconds 
  Import took 0.110233 seconds .

========================================================================
Received Import Request.
  Time since last request: 0.000211 seconds.
  path: Assets/Sprites/Spritesheet-goblin.png
  artifactKey: Guid(f3fc460d9d2baaf44995fff4e9edceac) Importer(815301076,1909f56bfc062723c751e8b465ee728b)
Start importing Assets/Sprites/Spritesheet-goblin.png using Guid(f3fc460d9d2baaf44995fff4e9edceac) Importer(815301076,1909f56bfc062723c751e8b465ee728b)  -> (artifact id: 'd0ed456a12400c2ec20cc405ae657d0d') in 0.019483 seconds 
  Import took 0.022826 seconds .

========================================================================
Received Import Request.
  Time since last request: 10.441695 seconds.
  path: Assets/Sprites/Spritesheet-goblin.png
  artifactKey: Guid(f3fc460d9d2baaf44995fff4e9edceac) Importer(815301076,1909f56bfc062723c751e8b465ee728b)
Start importing Assets/Sprites/Spritesheet-goblin.png using Guid(f3fc460d9d2baaf44995fff4e9edceac) Importer(815301076,1909f56bfc062723c751e8b465ee728b)  -> (artifact id: '3a383f5c60488d562c1ae67e65c412d3') in 0.015907 seconds 
  Import took 0.019598 seconds .

========================================================================
Received Import Request.
  Time since last request: 11.894573 seconds.
  path: Assets/Sprites/Spritesheet-goblin.png
  artifactKey: Guid(f3fc460d9d2baaf44995fff4e9edceac) Importer(815301076,1909f56bfc062723c751e8b465ee728b)
Start importing Assets/Sprites/Spritesheet-goblin.png using Guid(f3fc460d9d2baaf44995fff4e9edceac) Importer(815301076,1909f56bfc062723c751e8b465ee728b)  -> (artifact id: 'fd637da78e0389f1cc7b750f153229f2') in 0.025299 seconds 
  Import took 0.029380 seconds .

========================================================================
Received Import Request.
  Time since last request: 17.778827 seconds.
  path: Assets/Sprites/Spritesheet-bugman.png
  artifactKey: Guid(f2b16fa16c4370645aba3f6d7e27b3fd) Importer(815301076,1909f56bfc062723c751e8b465ee728b)
Start importing Assets/Sprites/Spritesheet-bugman.png using Guid(f2b16fa16c4370645aba3f6d7e27b3fd) Importer(815301076,1909f56bfc062723c751e8b465ee728b)  -> (artifact id: '8033db83474d2b25335d4d1623a47646') in 0.011577 seconds 
  Import took 0.015484 seconds .

========================================================================
Received Import Request.
  Time since last request: 11.373820 seconds.
  path: Assets/Sprites/Spritesheet-bugman.png
  artifactKey: Guid(f2b16fa16c4370645aba3f6d7e27b3fd) Importer(815301076,1909f56bfc062723c751e8b465ee728b)
Start importing Assets/Sprites/Spritesheet-bugman.png using Guid(f2b16fa16c4370645aba3f6d7e27b3fd) Importer(815301076,1909f56bfc062723c751e8b465ee728b)  -> (artifact id: '9896119d7e3c473c08f07d938a9b544f') in 0.018234 seconds 
  Import took 0.021851 seconds .

========================================================================
Received Import Request.
  Time since last request: 59.558570 seconds.
  path: Assets/Scenes/Later_That_Night_Pt_2.unity
  artifactKey: Guid(7d635873e4156db40a7a114278349a58) Importer(815301076,1909f56bfc062723c751e8b465ee728b)
Start importing Assets/Scenes/Later_That_Night_Pt_2.unity using Guid(7d635873e4156db40a7a114278349a58) Importer(815301076,1909f56bfc062723c751e8b465ee728b)  -> (artifact id: 'fbf7ec07400b3563f81eb94c520ba18d') in 0.003425 seconds 
  Import took 0.007230 seconds .

========================================================================
Received Import Request.
  Time since last request: 17.654423 seconds.
  path: Assets/Scenes/Later_That_Night_Pt_1.unity
  artifactKey: Guid(2ff7943bd35707646969ab0dca831330) Importer(815301076,1909f56bfc062723c751e8b465ee728b)
Start importing Assets/Scenes/Later_That_Night_Pt_1.unity using Guid(2ff7943bd35707646969ab0dca831330) Importer(815301076,1909f56bfc062723c751e8b465ee728b)  -> (artifact id: '1c51d9de51f5f47a07be05fbc3403ce4') in 0.003577 seconds 
  Import took 0.007178 seconds .

========================================================================
Received Import Request.
  Time since last request: 265.775847 seconds.
  path: Assets/Prefabs/Baddies/GoblinAC.controller
  artifactKey: Guid(f29eafc406a98f24c99fe0d58deaec8d) Importer(815301076,1909f56bfc062723c751e8b465ee728b)
Start importing Assets/Prefabs/Baddies/GoblinAC.controller using Guid(f29eafc406a98f24c99fe0d58deaec8d) Importer(815301076,1909f56bfc062723c751e8b465ee728b)  -> (artifact id: 'f79859ca23235f8c9a8d63a512e69bc0') in 0.011518 seconds 
  Import took 0.015475 seconds .

========================================================================
Received Import Request.
  Time since last request: 35.116603 seconds.
  path: Assets/Prefabs/Baddies/Gobidle.anim
  artifactKey: Guid(6d5c4044340f3a74d9f31fb04f18a7c8) Importer(815301076,1909f56bfc062723c751e8b465ee728b)
Start importing Assets/Prefabs/Baddies/Gobidle.anim using Guid(6d5c4044340f3a74d9f31fb04f18a7c8) Importer(815301076,1909f56bfc062723c751e8b465ee728b)  -> (artifact id: '74e32779908338d7933543def580c56a') in 0.011740 seconds 
  Import took 0.015680 seconds .

========================================================================
Received Import Request.
  Time since last request: 131.663644 seconds.
  path: Assets/Prefabs/Baddies/RockBugAC.controller
  artifactKey: Guid(63643571edf4c5d49982103fef8c66f2) Importer(815301076,1909f56bfc062723c751e8b465ee728b)
Start importing Assets/Prefabs/Baddies/RockBugAC.controller using Guid(63643571edf4c5d49982103fef8c66f2) Importer(815301076,1909f56bfc062723c751e8b465ee728b)  -> (artifact id: '50ccb7038415e07d8fb9ce2590dbffbe') in 0.008674 seconds 
  Import took 0.012797 seconds .

========================================================================
Received Import Request.
  Time since last request: 9.278772 seconds.
  path: Assets/Prefabs/Baddies/RockBugAn.anim
  artifactKey: Guid(13cabac16b0f18845becc1a575e73823) Importer(815301076,1909f56bfc062723c751e8b465ee728b)
Start importing Assets/Prefabs/Baddies/RockBugAn.anim using Guid(13cabac16b0f18845becc1a575e73823) Importer(815301076,1909f56bfc062723c751e8b465ee728b)  -> (artifact id: '982d4ab34242476cfc312e73698c67a9') in 0.008942 seconds 
  Import took 0.012881 seconds .

========================================================================
Received Import Request.
  Time since last request: 112.864766 seconds.
  path: Assets/Scenes/Stage 01.unity
  artifactKey: Guid(b40a9d7b92efec444be1c4f950c634a8) Importer(815301076,1909f56bfc062723c751e8b465ee728b)
Start importing Assets/Scenes/Stage 01.unity using Guid(b40a9d7b92efec444be1c4f950c634a8) Importer(815301076,1909f56bfc062723c751e8b465ee728b)  -> (artifact id: 'bc97e78d896350808edcafadc7d06bcf') in 0.010183 seconds 
  Import took 0.014169 seconds .

========================================================================
Received Import Request.
  Time since last request: 61.578427 seconds.
  path: Assets/Scenes/Stage 03.unity
  artifactKey: Guid(4e77d30b84e012740a62a0d28787fef1) Importer(815301076,1909f56bfc062723c751e8b465ee728b)
Start importing Assets/Scenes/Stage 03.unity using Guid(4e77d30b84e012740a62a0d28787fef1) Importer(815301076,1909f56bfc062723c751e8b465ee728b)  -> (artifact id: 'e43e96e12555fe8e6fcab26074195324') in 0.011278 seconds 
  Import took 0.015088 seconds .

========================================================================
Received Prepare
Registering precompiled user dll's ...
Registered in 0.008808 seconds.
Begin MonoManager ReloadAssembly
Native extension for WindowsStandalone target not found
Native extension for WebGL target not found
Refreshing native plugins compatible for Editor in 0.62 ms, found 3 plugins.
Preloading 0 native plugins for Editor in 0.00 ms.
Mono: successfully reloaded assembly
- Completed reload, in  1.142 seconds
Domain Reload Profiling:
	ReloadAssembly (1142ms)
		BeginReloadAssembly (129ms)
			ExecutionOrderSort (0ms)
			DisableScriptedObjects (8ms)
			BackupInstance (0ms)
			ReleaseScriptingObjects (0ms)
			CreateAndSetChildDomain (38ms)
		EndReloadAssembly (942ms)
			LoadAssemblies (104ms)
			RebuildTransferFunctionScriptingTraits (0ms)
			SetupTypeCache (330ms)
			ReleaseScriptCaches (1ms)
			RebuildScriptCaches (46ms)
			SetupLoadedEditorAssemblies (342ms)
				LogAssemblyErrors (0ms)
				InitializePlatformSupportModulesInManaged (6ms)
				SetLoadedEditorAssemblies (0ms)
				RefreshPlugins (1ms)
				BeforeProcessingInitializeOnLoad (92ms)
				ProcessInitializeOnLoadAttributes (228ms)
				ProcessInitializeOnLoadMethodAttributes (6ms)
				AfterProcessingInitializeOnLoad (7ms)
				EditorAssembliesLoaded (0ms)
			ExecutionOrderSort2 (0ms)
			AwakeInstancesAfterBackupRestoration (12ms)
Platform modules already initialized, skipping
Refreshing native plugins compatible for Editor in 0.63 ms, found 3 plugins.
Preloading 0 native plugins for Editor in 0.00 ms.
Unloading 2130 Unused Serialized files (Serialized files now loaded: 0)
System memory in use before: 98.9 MB.
System memory in use after: 99.0 MB.

Unloading 24 unused Assets to reduce memory usage. Loaded Objects now: 2627.
Total: 3.736700 ms (FindLiveObjects: 0.373400 ms CreateObjectMapping: 0.058500 ms MarkObjects: 3.272200 ms  DeleteObjects: 0.030200 ms)

AssetImportParameters requested are different than current active one (requested -> active):
  custom:framework-win-MediaFoundation: 216162199b28c13a410421893ffa2e32 -> 
  custom:video-decoder-ogg-theora: a1e56fd34408186e4bbccfd4996cb3dc -> 
  custom:container-muxer-webm: aa71ff27fc2769a1b78a27578f13a17b -> 
  custom:container-demuxer-webm: 4f35f7cbe854078d1ac9338744f61a02 -> 
  custom:container-demuxer-ogg: 62fdf1f143b41e24485cea50d1cbac27 -> 
  custom:video-encoder-webm-vp8: eb34c28f22e8b96e1ab97ce403110664 -> 
  custom:video-decoder-webm-vp8: 9c59270c3fd7afecdb556c50c9e8de78 -> 
  custom:audio-decoder-ogg-vorbis: bf7c407c2cedff20999df2af8eb42d56 -> 
  custom:audio-encoder-webm-vorbis: bf7c407c2cedff20999df2af8eb42d56 -> 
========================================================================
Received Prepare
Registering precompiled user dll's ...
Registered in 0.008768 seconds.
Begin MonoManager ReloadAssembly
Native extension for WindowsStandalone target not found
Native extension for WebGL target not found
Refreshing native plugins compatible for Editor in 0.60 ms, found 3 plugins.
Preloading 0 native plugins for Editor in 0.00 ms.
Mono: successfully reloaded assembly
- Completed reload, in  1.138 seconds
Domain Reload Profiling:
	ReloadAssembly (1138ms)
		BeginReloadAssembly (127ms)
			ExecutionOrderSort (0ms)
			DisableScriptedObjects (7ms)
			BackupInstance (0ms)
			ReleaseScriptingObjects (0ms)
			CreateAndSetChildDomain (37ms)
		EndReloadAssembly (940ms)
			LoadAssemblies (104ms)
			RebuildTransferFunctionScriptingTraits (0ms)
			SetupTypeCache (327ms)
			ReleaseScriptCaches (1ms)
			RebuildScriptCaches (45ms)
			SetupLoadedEditorAssemblies (346ms)
				LogAssemblyErrors (0ms)
				InitializePlatformSupportModulesInManaged (6ms)
				SetLoadedEditorAssemblies (0ms)
				RefreshPlugins (1ms)
				BeforeProcessingInitializeOnLoad (91ms)
				ProcessInitializeOnLoadAttributes (232ms)
				ProcessInitializeOnLoadMethodAttributes (6ms)
				AfterProcessingInitializeOnLoad (8ms)
				EditorAssembliesLoaded (0ms)
			ExecutionOrderSort2 (0ms)
			AwakeInstancesAfterBackupRestoration (12ms)
Platform modules already initialized, skipping
Refreshing native plugins compatible for Editor in 0.61 ms, found 3 plugins.
Preloading 0 native plugins for Editor in 0.00 ms.
Unloading 2130 Unused Serialized files (Serialized files now loaded: 0)
System memory in use before: 98.9 MB.
System memory in use after: 99.0 MB.

Unloading 24 unused Assets to reduce memory usage. Loaded Objects now: 2630.
Total: 3.679400 ms (FindLiveObjects: 0.296700 ms CreateObjectMapping: 0.059400 ms MarkObjects: 3.296400 ms  DeleteObjects: 0.024900 ms)

AssetImportParameters requested are different than current active one (requested -> active):
  custom:framework-win-MediaFoundation: 216162199b28c13a410421893ffa2e32 -> 
  custom:video-decoder-ogg-theora: a1e56fd34408186e4bbccfd4996cb3dc -> 
  custom:container-muxer-webm: aa71ff27fc2769a1b78a27578f13a17b -> 
  custom:container-demuxer-webm: 4f35f7cbe854078d1ac9338744f61a02 -> 
  custom:container-demuxer-ogg: 62fdf1f143b41e24485cea50d1cbac27 -> 
  custom:video-encoder-webm-vp8: eb34c28f22e8b96e1ab97ce403110664 -> 
  custom:video-decoder-webm-vp8: 9c59270c3fd7afecdb556c50c9e8de78 -> 
  custom:audio-decoder-ogg-vorbis: bf7c407c2cedff20999df2af8eb42d56 -> 
  custom:audio-encoder-webm-vorbis: bf7c407c2cedff20999df2af8eb42d56 -> 
AssetImportWorkerClient::OnTransportError - code=2 error=End of file
